<?xml version="1.0" encoding="UTF-8"?>
<testng-results ignored="0" total="6" passed="6" failed="0" skipped="0">
  <reporter-output>
  </reporter-output>
  <suite started-at="2024-01-29T17:23:48 IST" name="Suite" finished-at="2024-01-29T17:24:05 IST" duration-ms="16990">
    <groups>
      <group name="cucumber">
        <method signature="AbstractTestNGCucumberTests.runScenario(io.cucumber.testng.PickleWrapper,io.cucumber.testng.FeatureWrapper)[pri:0, instance:TestRunner.TestRunner@7b9a4292]" name="runScenario" class="io.cucumber.testng.AbstractTestNGCucumberTests"/>
      </group> <!-- cucumber -->
    </groups>
    <test started-at="2024-01-29T17:23:48 IST" name="Test" finished-at="2024-01-29T17:24:05 IST" duration-ms="16990">
      <class name="TestRunner.TestRunner">
        <test-method is-config="true" signature="beforeAll()[pri:0, instance:TestRunner.TestRunner@7b9a4292]" started-at="2024-01-29T17:23:48 IST" name="beforeAll" finished-at="2024-01-29T17:23:48 IST" duration-ms="31" status="PASS">
          <reporter-output>
          </reporter-output>
        </test-method> <!-- beforeAll -->
        <test-method is-config="true" signature="setUpClass(org.testng.ITestContext)[pri:0, instance:TestRunner.TestRunner@7b9a4292]" started-at="2024-01-29T17:23:48 IST" name="setUpClass" finished-at="2024-01-29T17:23:49 IST" duration-ms="313" status="PASS">
          <params>
            <param index="0">
              <value>
                <![CDATA[org.testng.TestRunner@1fd98510]]>
              </value>
            </param>
          </params>
          <reporter-output>
          </reporter-output>
        </test-method> <!-- setUpClass -->
        <test-method signature="runScenario(io.cucumber.testng.PickleWrapper,io.cucumber.testng.FeatureWrapper)[pri:0, instance:TestRunner.TestRunner@7b9a4292]" started-at="2024-01-29T17:23:49 IST" name="runScenario" description="Runs Cucumber Scenarios" data-provider="scenarios" finished-at="2024-01-29T17:23:58 IST" duration-ms="9280" status="PASS">
          <params>
            <param index="0">
              <value>
                <![CDATA["getTheTotalListOfItems"]]>
              </value>
            </param>
            <param index="1">
              <value>
                <![CDATA["Title of your feature"]]>
              </value>
            </param>
          </params>
          <reporter-output>
          </reporter-output>
        </test-method> <!-- runScenario -->
        <test-method signature="runScenario(io.cucumber.testng.PickleWrapper,io.cucumber.testng.FeatureWrapper)[pri:0, instance:TestRunner.TestRunner@7b9a4292]" started-at="2024-01-29T17:23:49 IST" name="runScenario" description="Runs Cucumber Scenarios" data-provider="scenarios" finished-at="2024-01-29T17:23:59 IST" duration-ms="10406" status="PASS">
          <params>
            <param index="0">
              <value>
                <![CDATA["Login Application by Reading Excel Data after writting data"]]>
              </value>
            </param>
            <param index="1">
              <value>
                <![CDATA["Title of your feature"]]>
              </value>
            </param>
          </params>
          <reporter-output>
          </reporter-output>
        </test-method> <!-- runScenario -->
        <test-method signature="runScenario(io.cucumber.testng.PickleWrapper,io.cucumber.testng.FeatureWrapper)[pri:0, instance:TestRunner.TestRunner@7b9a4292]" started-at="2024-01-29T17:23:49 IST" name="runScenario" description="Runs Cucumber Scenarios" data-provider="scenarios" finished-at="2024-01-29T17:23:56 IST" duration-ms="7199" status="PASS">
          <params>
            <param index="0">
              <value>
                <![CDATA["Read From Excel Data"]]>
              </value>
            </param>
            <param index="1">
              <value>
                <![CDATA["Title of your feature"]]>
              </value>
            </param>
          </params>
          <reporter-output>
          </reporter-output>
        </test-method> <!-- runScenario -->
        <test-method signature="runScenario(io.cucumber.testng.PickleWrapper,io.cucumber.testng.FeatureWrapper)[pri:0, instance:TestRunner.TestRunner@7b9a4292]" started-at="2024-01-29T17:23:56 IST" name="runScenario" description="Runs Cucumber Scenarios" data-provider="scenarios" finished-at="2024-01-29T17:24:02 IST" duration-ms="6287" status="PASS">
          <params>
            <param index="0">
              <value>
                <![CDATA["getTheNameOfItems"]]>
              </value>
            </param>
            <param index="1">
              <value>
                <![CDATA["Title of your feature"]]>
              </value>
            </param>
          </params>
          <reporter-output>
          </reporter-output>
        </test-method> <!-- runScenario -->
        <test-method signature="runScenario(io.cucumber.testng.PickleWrapper,io.cucumber.testng.FeatureWrapper)[pri:0, instance:TestRunner.TestRunner@7b9a4292]" started-at="2024-01-29T17:23:58 IST" name="runScenario" description="Runs Cucumber Scenarios" data-provider="scenarios" finished-at="2024-01-29T17:24:04 IST" duration-ms="6406" status="PASS">
          <params>
            <param index="0">
              <value>
                <![CDATA["AddTheProducts"]]>
              </value>
            </param>
            <param index="1">
              <value>
                <![CDATA["To Add and checkout the product"]]>
              </value>
            </param>
          </params>
          <reporter-output>
          </reporter-output>
        </test-method> <!-- runScenario -->
        <test-method signature="runScenario(io.cucumber.testng.PickleWrapper,io.cucumber.testng.FeatureWrapper)[pri:0, instance:TestRunner.TestRunner@7b9a4292]" started-at="2024-01-29T17:23:59 IST" name="runScenario" description="Runs Cucumber Scenarios" data-provider="scenarios" finished-at="2024-01-29T17:24:05 IST" duration-ms="6195" status="PASS">
          <params>
            <param index="0">
              <value>
                <![CDATA["AddTheProductsAndCheckout"]]>
              </value>
            </param>
            <param index="1">
              <value>
                <![CDATA["To Add and checkout the product"]]>
              </value>
            </param>
          </params>
          <reporter-output>
          </reporter-output>
        </test-method> <!-- runScenario -->
        <test-method is-config="true" signature="tearDownClass()[pri:0, instance:TestRunner.TestRunner@7b9a4292]" started-at="2024-01-29T17:24:05 IST" name="tearDownClass" finished-at="2024-01-29T17:24:05 IST" duration-ms="16" status="PASS">
          <reporter-output>
          </reporter-output>
        </test-method> <!-- tearDownClass -->
        <test-method is-config="true" signature="afterAll()[pri:0, instance:TestRunner.TestRunner@7b9a4292]" started-at="2024-01-29T17:24:05 IST" name="afterAll" finished-at="2024-01-29T17:24:05 IST" duration-ms="0" status="PASS">
          <reporter-output>
          </reporter-output>
        </test-method> <!-- afterAll -->
      </class> <!-- TestRunner.TestRunner -->
    </test> <!-- Test -->
  </suite> <!-- Suite -->
</testng-results>
