<?xml version="1.0" encoding="UTF-8"?>
<testng-results ignored="0" total="1" passed="1" failed="0" skipped="0">
  <reporter-output>
  </reporter-output>
  <suite started-at="2024-01-23T22:55:55 IST" name="Default suite" finished-at="2024-01-23T22:56:00 IST" duration-ms="5209">
    <groups>
    </groups>
    <test started-at="2024-01-23T22:55:55 IST" name="Default test" finished-at="2024-01-23T22:56:00 IST" duration-ms="5209">
      <class name="Tests.HID">
        <test-method signature="assignment1()[pri:0, instance:Tests.HID@77888435]" started-at="2024-01-23T22:55:55 IST" name="assignment1" finished-at="2024-01-23T22:56:00 IST" duration-ms="5124" status="PASS">
          <reporter-output>
          </reporter-output>
        </test-method> <!-- assignment1 -->
      </class> <!-- Tests.HID -->
    </test> <!-- Default test -->
  </suite> <!-- Default suite -->
</testng-results>
